<?xml version="1.0" encoding="UTF-8"?>
<testng-results skipped="0" failed="0" ignored="0" total="3" passed="3">
  <reporter-output>
  </reporter-output>
  <suite name="com.fb.qa.testcases.FBLoginTest" duration-ms="25570" started-at="2020-08-09T05:44:26Z" finished-at="2020-08-09T05:44:52Z">
    <groups>
    </groups>
    <test name="Command line test" duration-ms="25570" started-at="2020-08-09T05:44:26Z" finished-at="2020-08-09T05:44:52Z">
      <class name="com.fb.qa.testcases.FBLoginTest">
        <test-method status="PASS" signature="precodnition()[pri:0, instance:com.fb.qa.testcases.FBLoginTest@327471b5]" name="precodnition" is-config="true" duration-ms="12019" started-at="2020-08-09T05:44:26Z" finished-at="2020-08-09T05:44:38Z">
          <reporter-output>
          </reporter-output>
        </test-method> <!-- precodnition -->
        <test-method status="PASS" signature="EnterSignUpData()[pri:0, instance:com.fb.qa.testcases.FBLoginTest@327471b5]" name="EnterSignUpData" duration-ms="8143" started-at="2020-08-09T05:44:38Z" finished-at="2020-08-09T05:44:46Z">
          <reporter-output>
          </reporter-output>
        </test-method> <!-- EnterSignUpData -->
        <test-method status="PASS" signature="checkEnabledElements()[pri:0, instance:com.fb.qa.testcases.FBLoginTest@327471b5]" name="checkEnabledElements" duration-ms="201" started-at="2020-08-09T05:44:46Z" finished-at="2020-08-09T05:44:47Z">
          <reporter-output>
          </reporter-output>
        </test-method> <!-- checkEnabledElements -->
        <test-method status="PASS" signature="takePhoto()[pri:0, instance:com.fb.qa.testcases.FBLoginTest@327471b5]" name="takePhoto" duration-ms="731" started-at="2020-08-09T05:44:47Z" finished-at="2020-08-09T05:44:47Z">
          <reporter-output>
          </reporter-output>
        </test-method> <!-- takePhoto -->
        <test-method status="PASS" signature="postCondition()[pri:0, instance:com.fb.qa.testcases.FBLoginTest@327471b5]" name="postCondition" is-config="true" duration-ms="4368" started-at="2020-08-09T05:44:47Z" finished-at="2020-08-09T05:44:52Z">
          <reporter-output>
          </reporter-output>
        </test-method> <!-- postCondition -->
      </class> <!-- com.fb.qa.testcases.FBLoginTest -->
    </test> <!-- Command line test -->
  </suite> <!-- com.fb.qa.testcases.FBLoginTest -->
</testng-results>
