<?xml version="1.0" encoding="UTF-8"?>
<!-- Generated by org.testng.reporters.JUnitXMLReporter -->
<testsuite hostname="LAPTOP-DQ5HS337" ignored="0" name="Command line test" tests="3" failures="0" timestamp="09 Aug 2020 05:44:52 GMT" time="25.57" errors="0">
  <testcase name="EnterSignUpData" time="8.143" classname="com.fb.qa.testcases.FBLoginTest"/>
  <testcase name="checkEnabledElements" time="0.201" classname="com.fb.qa.testcases.FBLoginTest"/>
  <testcase name="takePhoto" time="0.731" classname="com.fb.qa.testcases.FBLoginTest"/>
</testsuite> <!-- Command line test -->
